This is LuaTeX, Version beta-0.70.2-2012060719 (MiKTeX 2.9 64-bit)  (format=lualatex 2012.10.13)  29 OCT 2012 16:31
**protokoll.tex
(c:/Users/Markus/AP1213/V406_Beugung/protokoll.tex
LaTeX2e <2011/06/27>
LuaTeX adaptation of babel <v3.8m-luatex-1.5> and hyphenation patterns for engl
ish, loaded.
(C:/Users/Markus/AppData/Roaming/MiKTeX/2.9/tex/latex/koma-script/scrartcl.cls
Document Class: scrartcl 2012/07/29 v3.11b KOMA-Script document class (article)

(C:/Users/Markus/AppData/Roaming/MiKTeX/2.9/tex/latex/koma-script/scrkbase.sty
Package: scrkbase 2012/07/29 v3.11b KOMA-Script package (KOMA-Script-dependent 
basics and keyval usage)

(C:/Users/Markus/AppData/Roaming/MiKTeX/2.9/tex/latex/koma-script/scrbase.sty
Package: scrbase 2012/07/29 v3.11b KOMA-Script package (KOMA-Script-independent
 basics and keyval usage)

("C:/Program Files/MiKTeX 2.9/tex/latex/graphics/keyval.sty"
Package: keyval 1999/03/16 v1.13 key=value parser (DPC)
\KV@toks@=\toks14
)
(C:/Users/Markus/AppData/Roaming/MiKTeX/2.9/tex/latex/koma-script/scrlfile.sty
Package: scrlfile 2012/06/15 v3.12 KOMA-Script package (loading files)

Package scrlfile, 2012/06/15 v3.12 KOMA-Script package (loading files)
                  Copyright (C) Markus Kohm

)))
(C:/Users/Markus/AppData/Roaming/MiKTeX/2.9/tex/latex/koma-script/tocbasic.sty
Package: tocbasic 2012/04/04 v3.10b KOMA-Script package (handling toc-files)
)
Package tocbasic Info: omitting babel extension for `toc'
(tocbasic)             because of feature `nobabel' available
(tocbasic)             for `toc' on input line 115.
Package tocbasic Info: omitting babel extension for `lof'
(tocbasic)             because of feature `nobabel' available
(tocbasic)             for `lof' on input line 116.
Package tocbasic Info: omitting babel extension for `lot'
(tocbasic)             because of feature `nobabel' available
(tocbasic)             for `lot' on input line 117.
Class scrartcl Info: File `scrsize11pt.clo' used instead of
(scrartcl)           file `scrsize11.clo' to setup font sizes on input line 126
7.

(C:/Users/Markus/AppData/Roaming/MiKTeX/2.9/tex/latex/koma-script/scrsize11pt.c
lo
File: scrsize11pt.clo 2012/07/29 v3.11b KOMA-Script font size class option (11p
t)
)
(C:/Users/Markus/AppData/Roaming/MiKTeX/2.9/tex/latex/koma-script/typearea.sty
Package: typearea 2012/07/29 v3.11b KOMA-Script package (type area)

Package typearea, 2012/07/29 v3.11b KOMA-Script package (type area)
                  Copyright (C) Frank Neukam, 1992-1994
                  Copyright (C) Markus Kohm, 1994-

\ta@bcor=\skip41
\ta@div=\count79
\ta@hblk=\skip42
\ta@vblk=\skip43
\ta@temp=\skip44
Package typearea Info: These are the values describing the layout:
(typearea)             DIV  = 10
(typearea)             BCOR = 0.0pt
(typearea)             \paperwidth      = 597.50793pt
(typearea)              \textwidth      = 418.25555pt
(typearea)              DIV departure   = -6%
(typearea)              \evensidemargin = 17.3562pt
(typearea)              \oddsidemargin  = 17.3562pt
(typearea)             \paperheight     = 845.04694pt
(typearea)              \textheight     = 595.80026pt
(typearea)              \topmargin      = -25.16531pt
(typearea)              \headheight     = 17.0pt
(typearea)              \headsep        = 20.40001pt
(typearea)              \topskip        = 11.0pt
(typearea)              \footskip       = 47.60002pt
(typearea)              \baselineskip   = 13.6pt
(typearea)              on input line 1213.
)
\c@part=\count80
\c@section=\count81
\c@subsection=\count82
\c@subsubsection=\count83
\c@paragraph=\count84
\c@subparagraph=\count85
\abovecaptionskip=\skip45
\belowcaptionskip=\skip46
\c@pti@nb@sid@b@x=\box26
\c@figure=\count86
\c@table=\count87
\bibindent=\dimen102
) ("C:/Program Files/MiKTeX 2.9/tex/latex/german/ngerman.sty"
v2.5e 1998-07-08
Package: ngerman 1998/07/08 v2.5e Support for writing german texts (br)
\grmnU@D=\dimen103
ngerman -- \language number for naustrian undefined, default 43 used.
)
(C:/Users/Markus/AppData/Roaming/MiKTeX/2.9/tex/latex/siunitx/siunitx.sty
("C:/Program Files/MiKTeX 2.9/tex/latex/l3kernel/expl3.sty"
("C:/Program Files/MiKTeX 2.9/tex/latex/l3kernel/l3names.sty"
("C:/Program Files/MiKTeX 2.9/tex/latex/l3kernel/l3bootstrap.sty"
Package: l3bootstrap 2012/07/16 v3991 L3 Experimental bootstrap code

("C:/Program Files/MiKTeX 2.9/tex/generic/oberdiek/luatex.sty"
Package: luatex 2010/03/09 v0.4 LuaTeX basic definition package (HO)

("C:/Program Files/MiKTeX 2.9/tex/generic/oberdiek/infwarerr.sty"
Package: infwarerr 2010/04/08 v1.3 Providing info/warning/error messages (HO)
)
("C:/Program Files/MiKTeX 2.9/tex/generic/oberdiek/ifluatex.sty"
Package: ifluatex 2010/03/01 v1.3 Provides the ifluatex switch (HO)
Package ifluatex Info: LuaTeX detected.
)
("C:/Program Files/MiKTeX 2.9/tex/latex/misc/etex.sty"
Package: etex 1998/03/26 v2.0 eTeX basic definition package (PEB)
\et@xins=\count88
)
\LuT@AllocAttribute=\count277
\LuT@AllocCatcodeTable=\count278
\CatcodeTableStack=\count279
\CatcodeTableIniTeX=\catcodetable1
\CatcodeTableString=\catcodetable3
\CatcodeTableOther=\catcodetable5
\CatcodeTableLaTeX=\catcodetable7

("C:/Program Files/MiKTeX 2.9/tex/generic/oberdiek/luatex-loader.sty"
Package: luatex-loader 2010/03/09 v0.4 Lua module loader (HO)

(C:/Program Files/MiKTeX 2.9/scripts/oberdiek/oberdiek.luatex.lua)))
("C:/Program Files/MiKTeX 2.9/tex/generic/oberdiek/pdftexcmds.sty"
Package: pdftexcmds 2011/11/29 v0.20 Utility functions of pdfTeX for LuaTeX (HO
)

("C:/Program Files/MiKTeX 2.9/tex/generic/oberdiek/ltxcmds.sty"
Package: ltxcmds 2011/11/09 v1.22 LaTeX kernel commands for general use (HO)
)
("C:/Program Files/MiKTeX 2.9/tex/generic/oberdiek/ifpdf.sty"
Package: ifpdf 2011/01/30 v2.3 Provides the ifpdf switch (HO)
Package ifpdf Info: pdfTeX in PDF mode is detected.
)
Package pdftexcmds Info: \pdf@primitive is available.
Package pdftexcmds Info: \pdf@ifprimitive is available.
Package pdftexcmds Info: \pdfdraftmode found.
\pdftexcmds@toks=\toks15
))
Package: l3names 2012/07/16 v3990 L3 Namespace for primitives
)
Package: expl3 2012/09/05 v4205 L3 Experimental code bundle wrapper

("C:/Program Files/MiKTeX 2.9/tex/latex/l3kernel/l3basics.sty"
Package: l3basics 2012/08/27 v4144 L3 Basic definitions
)
("C:/Program Files/MiKTeX 2.9/tex/latex/l3kernel/l3expan.sty"
Package: l3expan 2012/08/28 v4149 L3 Argument expansion
)
("C:/Program Files/MiKTeX 2.9/tex/latex/l3kernel/l3tl.sty"
Package: l3tl 2012/09/05 v4201 L3 Token lists
)
("C:/Program Files/MiKTeX 2.9/tex/latex/l3kernel/l3seq.sty"
Package: l3seq 2012/08/14 v4092 L3 Sequences and stacks
)
("C:/Program Files/MiKTeX 2.9/tex/latex/l3kernel/l3int.sty"
Package: l3int 2012/08/17 v4121 L3 Integers
\c_max_int=\count280
\l_tmpa_int=\count281
\l_tmpb_int=\count282
\g_tmpa_int=\count283
\g_tmpb_int=\count284
\l_tmpc_int=\count285
)
("C:/Program Files/MiKTeX 2.9/tex/latex/l3kernel/l3quark.sty"
Package: l3quark 2012/08/08 v4065 L3 Quarks
)
("C:/Program Files/MiKTeX 2.9/tex/latex/l3kernel/l3prg.sty"
Package: l3prg 2012/08/16 v4114 L3 Control structures
\g__prg_map_int=\count286
)
("C:/Program Files/MiKTeX 2.9/tex/latex/l3kernel/l3clist.sty"
Package: l3clist 2012/08/15 v4102 L3 Comma separated lists
)
("C:/Program Files/MiKTeX 2.9/tex/latex/l3kernel/l3token.sty"
Package: l3token 2012/08/08 v4069 L3 Experimental token manipulation
)
("C:/Program Files/MiKTeX 2.9/tex/latex/l3kernel/l3prop.sty"
Package: l3prop 2012/09/03 v4190 L3 Property lists
)
("C:/Program Files/MiKTeX 2.9/tex/latex/l3kernel/l3msg.sty"
Package: l3msg 2012/08/28 v4147 L3 Messages
)
("C:/Program Files/MiKTeX 2.9/tex/latex/l3kernel/l3file.sty"
Package: l3file 2012/08/15 v4101 L3 File and I/O operations
\l__ior_stream_int=\count287
\l_iow_line_count_int=\count288
\l__iow_target_count_int=\count289
\l__iow_current_line_int=\count290
\l__iow_current_word_int=\count291
\l__iow_current_indentation_int=\count292
)
("C:/Program Files/MiKTeX 2.9/tex/latex/l3kernel/l3skip.sty"
Package: l3skip 2012/08/17 v4121 L3 Dimensions and skips
\l_tmpa_dim=\dimen256
\l_tmpb_dim=\dimen257
\g_tmpa_dim=\dimen258
\g_tmpb_dim=\dimen259
\l_tmpa_skip=\skip256
\l_tmpb_skip=\skip257
\g_tmpa_skip=\skip258
\g_tmpb_skip=\skip259
\c_zero_muskip=\muskip10
\c_max_muskip=\muskip11
\l_tmpa_muskip=\muskip12
\l_tmpb_muskip=\muskip13
\g_tmpa_muskip=\muskip14
\g_tmpb_muskip=\muskip15
)
("C:/Program Files/MiKTeX 2.9/tex/latex/l3kernel/l3keys.sty"
Package: l3keys 2012/07/16 v3991 L3 Experimental key-value interfaces
\g__keyval_level_int=\count293
\l_keys_choice_int=\count294
)
("C:/Program Files/MiKTeX 2.9/tex/latex/l3kernel/l3fp.sty"
Package: l3fp 2012/08/28 v4151 L3 Floating points
\c__fp_leading_shift_int=\count295
\c__fp_middle_shift_int=\count296
\c__fp_trailing_shift_int=\count297
\c__fp_big_leading_shift_int=\count298
\c__fp_big_middle_shift_int=\count299
\c__fp_big_trailing_shift_int=\count300
\c__fp_Bigg_leading_shift_int=\count301
\c__fp_Bigg_middle_shift_int=\count302
\c__fp_Bigg_trailing_shift_int=\count303
)
("C:/Program Files/MiKTeX 2.9/tex/latex/l3kernel/l3box.sty"
Package: l3box 2012/07/16 v3991 L3 Experimental boxes
\l_tmpb_box=\box256
\g_tmpa_box=\box257
\g_tmpb_box=\box258
)
("C:/Program Files/MiKTeX 2.9/tex/latex/l3kernel/l3coffins.sty"
Package: l3coffins 2012/08/14 v4092 L3 Coffin code layer
\l__coffin_internal_box=\box259
\l__coffin_internal_dim=\dimen260
\l__coffin_offset_x_dim=\dimen261
\l__coffin_offset_y_dim=\dimen262
\l__coffin_x_dim=\dimen263
\l__coffin_y_dim=\dimen264
\l__coffin_x_prime_dim=\dimen265
\l__coffin_y_prime_dim=\dimen266
\c_empty_coffin=\box260
\l__coffin_aligned_coffin=\box261
\l__coffin_aligned_internal_coffin=\box262
\l_tmpa_coffin=\box263
\l_tmpb_coffin=\box264
\l__coffin_display_coffin=\box265
\l__coffin_display_coord_coffin=\box266
\l__coffin_display_pole_coffin=\box267
\l__coffin_display_offset_dim=\dimen267
\l__coffin_display_x_dim=\dimen268
\l__coffin_display_y_dim=\dimen269
)
("C:/Program Files/MiKTeX 2.9/tex/latex/l3kernel/l3color.sty"
Package: l3color 2012/08/29 v4156 L3 Experimental color support
)
("C:/Program Files/MiKTeX 2.9/tex/latex/l3kernel/l3luatex.sty"
Package: l3luatex 2012/08/03 v4049 L3 Experimental LuaTeX-specific functions
\g__cctab_allocate_int=\count304
\g__cctab_stack_int=\count305
\c_code_cctab=\catcodetable9
)
("C:/Program Files/MiKTeX 2.9/tex/latex/l3kernel/l3candidates.sty"
Package: l3candidates 2012/05/12 v3633 L3 Experimental additions to l3kernel
\l__box_top_dim=\dimen270
\l__box_bottom_dim=\dimen271
\l__box_left_dim=\dimen272
\l__box_right_dim=\dimen273
\l__box_top_new_dim=\dimen274
\l__box_bottom_new_dim=\dimen275
\l__box_left_new_dim=\dimen276
\l__box_right_new_dim=\dimen277
\l__box_internal_box=\box268
\l__coffin_bounding_shift_dim=\dimen278
\l__coffin_left_corner_dim=\dimen279
\l__coffin_right_corner_dim=\dimen280
\l__coffin_bottom_corner_dim=\dimen281
\l__coffin_top_corner_dim=\dimen282
\l__coffin_scaled_total_height_dim=\dimen283
\l__coffin_scaled_width_dim=\dimen284
))
Package: siunitx 2012/09/18 v2.5j A comprehensive (SI) units package

("C:/Program Files/MiKTeX 2.9/tex/latex/ams/math/amstext.sty"
Package: amstext 2000/06/29 v2.01

("C:/Program Files/MiKTeX 2.9/tex/latex/ams/math/amsgen.sty"
File: amsgen.sty 1999/11/30 v2.0
\@emptytoks=\toks16
\ex@=\dimen285
))
("C:/Program Files/MiKTeX 2.9/tex/latex/tools/array.sty"
Package: array 2008/09/09 v2.4c Tabular extension package (FMi)
\col@sep=\dimen286
\extrarowheight=\dimen287
\NC@list=\toks17
\extratabsurround=\skip260
\backup@length=\skip261
)
("C:/Program Files/MiKTeX 2.9/tex/latex/l3packages/l3keys2e/l3keys2e.sty"
("C:/Program Files/MiKTeX 2.9/tex/latex/l3packages/xparse/xparse.sty"
Package: xparse 2012/09/05 v4205 L3 Experimental document command parser
\l__xparse_current_arg_int=\count306
\l__xparse_m_args_int=\count307
\l__xparse_mandatory_args_int=\count308
\l__xparse_processor_int=\count309
\l__xparse_v_nesting_int=\count310
)
Package: l3keys2e 2012/09/05 v4205 LaTeX2e option processing using LaTeX3 keys
)
Variant \tl_if_blank:VTF already defined; not changing it on line 50
\l__siunitx_tmp_box=\box269
\l__siunitx_tmp_dim=\dimen288
\l__siunitx_tmp_int=\count311
Variant \prop_get:NVNT already defined; not changing it on line 361
Variant \prop_get:NVNF already defined; not changing it on line 362
Variant \prop_get:NVNTF already defined; not changing it on line 363
\l__siunitx_number_mantissa_length_int=\count312
\l__siunitx_number_uncert_length_int=\count313
\l__siunitx_round_int=\count314
\l__siunitx_process_decimal_int=\count315
\l__siunitx_process_uncertainty_int=\count316
\l__siunitx_process_fixed_int=\count317
\l__siunitx_process_integer_min_int=\count318
\l__siunitx_process_precision_int=\count319
\l__siunitx_group_min_int=\count320
\l__siunitx_angle_marker_box=\box270
\l__siunitx_angle_unit_box=\box271
\l__siunitx_angle_marker_dim=\dimen289
\l__siunitx_angle_unit_dim=\dimen290
\l__siunitx_unit_int=\count321
\l__siunitx_unit_denominator_int=\count322
\l__siunitx_unit_numerator_int=\count323
\l__siunitx_unit_prefix_int=\count324
\l__siunitx_unit_prefix_base_int=\count325
\l__siunitx_unit_prefix_gram_int=\count326
\l__siunitx_number_product_int=\count327
\c__siunitx_one_fill_skip=\skip262
\l__siunitx_table_unit_align_skip=\skip263
\l__siunitx_table_exponent_dim=\dimen291
\l__siunitx_table_integer_dim=\dimen292
\l__siunitx_table_mantissa_dim=\dimen293
\l__siunitx_table_marker_dim=\dimen294
\l__siunitx_table_result_dim=\dimen295
\l__siunitx_table_uncert_dim=\dimen296
\l__siunitx_table_fill_pre_dim=\dimen297
\l__siunitx_table_fill_post_dim=\dimen298
\l__siunitx_table_fill_mid_dim=\dimen299
\l__siunitx_table_pre_box=\box272
\l__siunitx_table_post_box=\box273
\l__siunitx_table_mantissa_box=\box274
\l__siunitx_table_result_box=\box275
\l__siunitx_table_number_align_skip=\skip264
\l__siunitx_table_text_align_skip=\skip265
.................................................
. LaTeX info: "xparse/define-command"
. 
. Defining document command \DeclareBinaryPrefix with arg. spec. 'mmm' on line
. 7064.
.................................................
.................................................
. LaTeX info: "xparse/define-command"
. 
. Defining document command \DeclareSIPostPower with arg. spec. 'mm' on line
. 7067.
.................................................
.................................................
. LaTeX info: "xparse/define-command"
. 
. Defining document command \DeclareSIPrefix with arg. spec. 'mmm' on line
. 7070.
.................................................
.................................................
. LaTeX info: "xparse/define-command"
. 
. Defining document command \DeclareSIPrePower with arg. spec. 'mm' on line
. 7073.
.................................................
.................................................
. LaTeX info: "xparse/define-command"
. 
. Defining document command \DeclareSIQualifier with arg. spec. 'mm' on line
. 7076.
.................................................
.................................................
. LaTeX info: "xparse/define-command"
. 
. Defining document command \DeclareSIUnit with arg. spec. 'O{}mm' on line
. 7079.
.................................................
.................................................
. LaTeX info: "xparse/define-command"
. 
. Defining document command \DeclareSIUnitWithOptions with arg. spec. 'mmm' on
. line 7082.
.................................................
.................................................
. LaTeX info: "xparse/define-command"
. 
. Defining document command \ang with arg. spec. 'o>{\SplitArgument {2}{;}}m'
. on line 7097.
.................................................
.................................................
. LaTeX info: "xparse/define-command"
. 
. Defining document command \num with arg. spec. 'om' on line 7105.
.................................................
.................................................
. LaTeX info: "xparse/define-command"
. 
. Defining document command \numlist with arg. spec. 'o>{\SplitList {;}}m' on
. line 7113.
.................................................
.................................................
. LaTeX info: "xparse/define-command"
. 
. Defining document command \numrange with arg. spec. 'omm' on line 7121.
.................................................
.................................................
. LaTeX info: "xparse/define-command"
. 
. Defining document command \SIlist with arg. spec. 'o>{\SplitList {;}}mm' on
. line 7132.
.................................................
.................................................
. LaTeX info: "xparse/define-command"
. 
. Defining document command \SIrange with arg. spec. 'ommm' on line 7143.
.................................................
.................................................
. LaTeX info: "xparse/define-command"
. 
. Defining document command \SI with arg. spec. 'omom' on line 7154.
.................................................
.................................................
. LaTeX info: "xparse/define-command"
. 
. Defining document command \sisetup with arg. spec. 'm' on line 7157.
.................................................
.................................................
. LaTeX info: "xparse/define-command"
. 
. Defining document command \tablenum with arg. spec. 'om' on line 7169.
.................................................
.................................................
. LaTeX info: "xparse/define-command"
. 
. Defining document command \si with arg. spec. 'om' on line 7180.
.................................................
.................................................
. LaTeX info: "xparse/define-command"
. 
. Defining document command \__siunitx_bookmark_num:w with arg. spec. 'om' on
. line 7224.
.................................................
.................................................
. LaTeX info: "xparse/define-command"
. 
. Defining document command \__siunitx_bookmark_numrange:w with arg. spec.
. 'omm' on line 7226.
.................................................
.................................................
. LaTeX info: "xparse/define-command"
. 
. Defining document command \__siunitx_bookmark_SI:w with arg. spec. 'omom' on
. line 7228.
.................................................
.................................................
. LaTeX info: "xparse/define-command"
. 
. Defining document command \__siunitx_bookmark_SIlist:w with arg. spec. 'omm'
. on line 7230.
.................................................
.................................................
. LaTeX info: "xparse/define-command"
. 
. Defining document command \__siunitx_bookmark_SIrange:w with arg. spec.
. 'ommm' on line 7232.
.................................................
.................................................
. LaTeX info: "xparse/define-command"
. 
. Defining document command \__siunitx_bookmark_si:w with arg. spec. 'om' on
. line 7233.
.................................................
\g__ior_internal_ior=\read1

("C:/Program Files/MiKTeX 2.9/tex/latex/beamer/base/translator/translator.sty"
Package: translator 2010/06/12 ver 1.10

("C:/Program Files/MiKTeX 2.9/tex/latex/beamer/base/translator/translator-langu
age-mappings.tex")))
("C:/Program Files/MiKTeX 2.9/tex/latex/graphics/graphicx.sty"
Package: graphicx 1999/02/16 v1.0f Enhanced LaTeX Graphics (DPC,SPQR)

("C:/Program Files/MiKTeX 2.9/tex/latex/graphics/graphics.sty"
Package: graphics 2009/02/05 v1.0o Standard LaTeX Graphics (DPC,SPQR)

("C:/Program Files/MiKTeX 2.9/tex/latex/graphics/trig.sty"
Package: trig 1999/03/16 v1.09 sin cos tan (DPC)
)
("C:/Program Files/MiKTeX 2.9/tex/latex/00miktex/graphics.cfg"
File: graphics.cfg 2007/01/18 v1.5 graphics configuration of teTeX/TeXLive
)
Package graphics Info: Driver file: pdftex.def on input line 91.

("C:/Program Files/MiKTeX 2.9/tex/latex/pdftex-def/pdftex.def"
File: pdftex.def 2011/05/27 v0.06d Graphics/color for pdfTeX
\Gread@gobject=\count328
))
\Gin@req@height=\dimen300
\Gin@req@width=\dimen301
)
(c:/Users/Markus/AP1213/V406_Beugung/protokoll.aux
! Missing \endcsname inserted.
<to be read again> 
                   \protect 
l.31 ...rchf\active@dq  \dq@prtct{u}hrung}{{3}{7}}
                                                  
? 

! LaTeX Error: Missing \begin{document}.

See the LaTeX manual or LaTeX Companion for explanation.
Type  H <return>  for immediate help.
 ...                                              
                                                  
l.31 ...rchf\active@dq  \dq@prtct{u}hrung}{{3}{7}}
                                                  
? 
! Extra \endcsname.
\@ifundefined ...dafter \ifx \csname #1\endcsname 
                                                  \relax \expandafter \@firs...
l.31 ...rchf\active@dq  \dq@prtct{u}hrung}{{3}{7}}
                                                  
? 
! Missing \endcsname inserted.
<to be read again> 
                   \protect 
l.31 ...rchf\active@dq  \dq@prtct{u}hrung}{{3}{7}}
                                                  
? 
! Extra \endcsname.
\@namedef ...xpandafter \def \csname #1\endcsname 
                                                  
l.31 ...rchf\active@dq  \dq@prtct{u}hrung}{{3}{7}}
                                                  
? 
)
LaTeX Font Info:    Checking defaults for OML/cmm/m/it on input line 24.
LaTeX Font Info:    ... okay on input line 24.
LaTeX Font Info:    Checking defaults for T1/cmr/m/n on input line 24.
LaTeX Font Info:    ... okay on input line 24.
LaTeX Font Info:    Checking defaults for OT1/cmr/m/n on input line 24.
LaTeX Font Info:    ... okay on input line 24.
LaTeX Font Info:    Checking defaults for OMS/cmsy/m/n on input line 24.
LaTeX Font Info:    ... okay on input line 24.
LaTeX Font Info:    Checking defaults for OMX/cmex/m/n on input line 24.
LaTeX Font Info:    ... okay on input line 24.
LaTeX Font Info:    Checking defaults for U/cmr/m/n on input line 24.
LaTeX Font Info:    ... okay on input line 24.

("C:/Program Files/MiKTeX 2.9/tex/latex/beamer/base/translator/dicts/translator
-basic-dictionary/translator-basic-dictionary-English.dict"
Dictionary: translator-basic-dictionary, Language: English 
)
(C:/Users/Markus/AppData/Roaming/MiKTeX/2.9/tex/latex/siunitx/config/siunitx-ab
breviations.cfg
File: siunitx-abbreviations.cfg 2012/09/18 v2.5j siunitx: Abbreviated units
)
(C:/Users/Markus/AppData/Roaming/MiKTeX/2.9/tex/latex/siunitx/config/siunitx-bi
nary.cfg
File: siunitx-binary.cfg 2012/09/18 v2.5j siunitx: Binary units
)
(C:/Users/Markus/AppData/Roaming/MiKTeX/2.9/tex/context/base/supp-pdf.mkii
[Loading MPS to PDF converter (version 2006.09.02).]
\scratchcounter=\count329
\scratchdimen=\dimen302
\scratchbox=\box276
\nofMPsegments=\count330
\nofMParguments=\count331
\everyMPshowfont=\toks18
\MPscratchCnt=\count332
\MPscratchDim=\dimen303
\MPnumerator=\count333
\makeMPintoPDFobject=\count334
\everyMPtoPDFconversion=\toks19
)
\c__siunitx_mathsf_int=\count335
LaTeX Font Info:    External font `cmex10' loaded for size
(Font)              <10.95> on input line 24.
LaTeX Font Info:    External font `cmex10' loaded for size
(Font)              <8> on input line 24.
LaTeX Font Info:    External font `cmex10' loaded for size
(Font)              <6> on input line 24.
\c__siunitx_mathtt_int=\count336

! I can't write on file `protokoll.pdf'.
Please type another file name for output: 
! I can't write on file `protokoll.pdf'.
Please type another file name for output: 
[1

{C:/Users/Markus/AppData/Local/MiKTeX/2.9/pdftex/config/pdftex.map}]
LaTeX Font Info:    External font `cmex10' loaded for size
(Font)              <14.4> on input line 27.
LaTeX Font Info:    External font `cmex10' loaded for size
(Font)              <7> on input line 27.
 [2

]
(c:/Users/Markus/AP1213/V406_Beugung/theorie_einleitung.tex
Overfull \hbox (1.67732pt too wide) in paragraph at lines 10--12
[]\OT1/cmr/m/n/10.95 Im Folgenden werden verschiedenen Annahmen gemacht, die di
e Beschreibung des Lichtes
 []


Overfull \hbox (6.3768pt too wide) in paragraph at lines 45--46
[][]\OT1/cmr/m/n/10.95 Aus diesem Grund und weil der Fraunhoferaufbau eine leic
htere Beschreibung der Beugung
 []

[3] <fresnel_fraunhofer.jpg, id=15, 780.9175pt x 316.18124pt>
File: fresnel_fraunhofer.jpg Graphic file (type jpg)

<use fresnel_fraunhofer.jpg>
Package pdftex.def Info: fresnel_fraunhofer.jpg used on input line 49.
(pdftex.def)             Requested size: 398.33858pt x 161.27924pt.
 <spalt.jpg, id=16, 931.48pt x 576.1525pt>
File: spalt.jpg Graphic file (type jpg)

<use spalt.jpg>
Package pdftex.def Info: spalt.jpg used on input line 60.
(pdftex.def)             Requested size: 256.0748pt x 158.38527pt.

Overfull \hbox (17.2089pt too wide) in paragraph at lines 65--66
[][]\OT1/cmr/m/n/10.95 Betrachtet man nun den Spalt genauer, l[]asst sich die P
hasendifferenz $\OML/cmm/m/it/10.95 $ \OT1/cmr/m/n/10.95 zweier Strahlenb[]und
el
 []


Overfull \hbox (8.10294pt too wide) in paragraph at lines 71--73
[][]\OT1/cmr/m/n/10.95 Hierbei ist $\OML/cmm/m/it/10.95 s$ \OT1/cmr/m/n/10.95 g
erade der Gangunterschied der B[]undel und $\OML/cmm/m/it/10.95 $ \OT1/cmr/m/n
/10.95 die Wellenl[]ange des einfallenden
 []

[4 <c:/Users/Markus/AP1213/V406_Beugung/fresnel_fraunhofer.jpg> <c:/Users/Marku
s/AP1213/V406_Beugung/spalt.jpg>]
Overfull \hbox (3.10695pt too wide) in paragraph at lines 88--90
[][]\OT1/cmr/m/n/10.95 Die einfallenden Lichtb[]undel werden []uber lange Zeit 
gemessen. Wegen der hohen Frequenz
 []

<theorie_1.png, id=21, 578.16pt x 433.62pt>
File: theorie_1.png Graphic file (type png)
 <use theorie_1.png>
Package pdftex.def Info: theorie_1.png used on input line 119.
(pdftex.def)             Requested size: 379.39009pt x 284.52756pt.


LaTeX Warning: `h' float specifier changed to `ht'.

[5] [6 <c:/Users/Markus/AP1213/V406_Beugung/theorie_1.png>]
Overfull \hbox (3.76852pt too wide) in paragraph at lines 166--169
[]\OT1/cmr/m/n/10.95 Der Doppelspalt l[]asst sich als []Uberlagerung zweier Ein
zelspalte im Abstand $\OML/cmm/m/it/10.95 s$ \OT1/cmr/m/n/10.95 beschreiben.
 []

)
Underfull \hbox (badness 10000) in paragraph at lines 176--31

 []

(c:/Users/Markus/AP1213/V406_Beugung/v406_protokoll_durchfuehrung.tex
Overfull \hbox (54.35912pt too wide) in paragraph at lines 3--4
[]\OT1/cmr/m/n/10.95 F[]ur den Versuch stand ein He-Ne-Laser, ein gr[]oenverst
ellbarer Einfachspalt , ein gr[]oenverstellbarer
 []


Overfull \hbox (16.61206pt too wide) in paragraph at lines 11--12
[][]\OT1/cmr/m/n/10.95 Wie 1[] aber mit festem Doppelspalt und anschlieendem V
ergleich mit der theoretischen
 []

LaTeX Font Info:    Try loading font information for TS1+cmr on input line 19.
("C:/Program Files/MiKTeX 2.9/tex/latex/base/ts1cmr.fd"
File: ts1cmr.fd 1999/05/25 v2.5h Standard LaTeX font definitions
)
<Versuchsaufbau.png, id=34, 1557.82pt x 626.34pt>
File: Versuchsaufbau.png Graphic file (type png)
 <use Versuchsaufbau.png>
Package pdftex.def Info: Versuchsaufbau.png used on input line 23.
(pdftex.def)             Requested size: 398.33858pt x 160.14943pt.


LaTeX Warning: `h' float specifier changed to `ht'.

[7])
Underfull \hbox (badness 10000) in paragraph at lines 52--33

 []

(c:/Users/Markus/AP1213/V406_Beugung/auswertung.tex [8 <c:/Users/Markus/AP1213/
V406_Beugung/Versuchsaufbau.png>]
Overfull \hbox (1.43405pt too wide) in paragraph at lines 9--10
[][]\OT1/cmr/m/n/10.95 Dazu wurde unter Versuchsbedingungen, jedoch mit ausgesc
haltetem Laser, eine Messung
 []


Overfull \hbox (3.5632pt too wide) in paragraph at lines 17--18
[][]\OT1/cmr/m/n/10.95 Die Aufgetragenenen Messwerte in den Tabellen sind noch 
nicht um diesen Wert reduziert. 
 []


LaTeX Warning: Reference `graf_1' on page 9 undefined on input line 29.

(c:/Users/Markus/AP1213/V406_Beugung/tabelle1.tex

LaTeX Warning: `h' float specifier changed to `ht'.

) ("C:/Program Files/MiKTeX 2.9/tex/latex/tools/.tex" File ignored) [9]
[10] (c:/Users/Markus/AP1213/V406_Beugung/tabelle2.tex)
<graph1.jpg, id=52, 481.8pt x 361.35pt>
File: graph1.jpg Graphic file (type jpg)
 <use graph1.jpg>
Package pdftex.def Info: graph1.jpg used on input line 83.
(pdftex.def)             Requested size: 398.33858pt x 298.76254pt.


LaTeX Warning: `h' float specifier changed to `ht'.

) [11] [12 <c:/Users/Markus/AP1213/V406_Beugung/graph1.jpg>]
(c:/Users/Markus/AP1213/V406_Beugung/protokoll.aux
! Missing \endcsname inserted.
<to be read again> 
                   \protect 
l.31 ...rchf\active@dq  \dq@prtct{u}hrung}{{3}{7}}
                                                  
? 
)

LaTeX Warning: There were undefined references.


LaTeX Warning: Label(s) may have changed. Rerun to get cross-references right.

 )

Here is how much of LuaTeX's memory you used:
 11434 strings out of 495011
 100000,266212 words of node,token memory allocated
 648 words of node memory still in use:
    nodes
   avail lists: 2:27,3:166,4:1438,5:251,6:2111,7:108,9:307,10:12
 14555 multiletter control sequences out of 65536+200000
 64 fonts using 2525791 bytes
 61i,10n,51p,524b,823s stack positions out of 5000i,500n,10000p,200000b,50000s
 <C:\Users\Markus\AppData\Local\MiKTeX\2.9\fonts\pk\ljfour\jknappen\ec\dpi600\t
crm1095.pk><C:/Program Files/MiKTeX 2.9/fonts/type1/public/amsfonts/cm/cmbx10.p
fb><C:/Program Files/MiKTeX 2.9/fonts/type1/public/amsfonts/cm/cmex10.pfb><C:/P
rogram Files/MiKTeX 2.9/fonts/type1/public/amsfonts/cm/cmmi10.pfb><C:/Program F
iles/MiKTeX 2.9/fonts/type1/public/amsfonts/cm/cmmi8.pfb><C:/Program Files/MiKT
eX 2.9/fonts/type1/public/amsfonts/cm/cmr10.pfb><C:/Program Files/MiKTeX 2.9/fo
nts/type1/public/amsfonts/cm/cmr12.pfb><C:/Program Files/MiKTeX 2.9/fonts/type1
/public/amsfonts/cm/cmr6.pfb><C:/Program Files/MiKTeX 2.9/fonts/type1/public/am
sfonts/cm/cmr8.pfb><C:/Program Files/MiKTeX 2.9/fonts/type1/public/amsfonts/cm/
cmssbx10.pfb><C:/Program Files/MiKTeX 2.9/fonts/type1/public/amsfonts/cm/cmsy10
.pfb><C:/Program Files/MiKTeX 2.9/fonts/type1/public/amsfonts/cm/cmsy8.pfb><C:/
Program Files/MiKTeX 2.9/fonts/type1/public/amsfonts/cm/cmti10.pfb>
Output written on protokoll.pdf (12 pages, 443724 bytes).

PDF statistics: 101 PDF objects out of 1000 (max. 8388607)
 0 named destinations out of 1000 (max. 131072)
 1 words of extra memory for PDF output out of 10000 (max. 10000000)

