\BOOKMARK [1][-]{section.1}{Einleitung}{}% 1
\BOOKMARK [1][-]{section.2}{Theorie}{}% 2
\BOOKMARK [2][-]{subsection.2.1}{Das Huygenssche Prinzip}{section.2}% 3
\BOOKMARK [2][-]{subsection.2.2}{Fresnel- und Fraunhoferbeugung}{section.2}% 4
\BOOKMARK [3][-]{subsubsection.2.2.1}{Fresnelbeugung}{subsection.2.2}% 5
\BOOKMARK [3][-]{subsubsection.2.2.2}{Fraunhoferbeugung}{subsection.2.2}% 6
\BOOKMARK [2][-]{subsection.2.3}{Beugungsmuster am Einzelspalt}{section.2}% 7
\BOOKMARK [2][-]{subsection.2.4}{Fourier-Transformation}{section.2}% 8
\BOOKMARK [2][-]{subsection.2.5}{Beugungsmuster am Doppelspalt}{section.2}% 9
\BOOKMARK [1][-]{section.3}{Aufbau und Durchf\374hrung}{}% 10
\BOOKMARK [2][-]{subsection.3.1}{Messaufgaben}{section.3}% 11
\BOOKMARK [2][-]{subsection.3.2}{Durchf\374hrung}{section.3}% 12
\BOOKMARK [3][-]{subsubsection.3.2.1}{Messungen}{subsection.3.2}% 13
\BOOKMARK [3][-]{subsubsection.3.2.2}{Messung des Abstands per Mikroskop}{subsection.3.2}% 14
\BOOKMARK [1][-]{section.4}{Auswertung}{}% 15
\BOOKMARK [2][-]{subsection.4.1}{Bestimmung des Dunkelstroms}{section.4}% 16
\BOOKMARK [2][-]{subsection.4.2}{Bestimmung der Spaltbreite eines festen Einfachspalts}{section.4}% 17
\BOOKMARK [3][-]{subsubsection.4.2.1}{Bestimmung mit Hilfe des Beugungsmusters}{subsection.4.2}% 18
\BOOKMARK [3][-]{subsubsection.4.2.2}{Bestimmung mit Hilfe des Mikroskops}{subsection.4.2}% 19
\BOOKMARK [2][-]{subsection.4.3}{Bestimmung der Spaltbreite eines variablen Einfachspalts}{section.4}% 20
\BOOKMARK [2][-]{subsection.4.4}{Bestimmung der Spaltbreite eines festen Doppelspalts}{section.4}% 21
\BOOKMARK [1][-]{section.5}{Diskussion}{}% 22
