

*******************************************************************************
Fri Apr 12 13:06:43 2013


FIT:    data read from "aufgabe_a.dat" using 1:5
        format = x:z
        #datapoints = 21
        residuals are weighted equally (unit weight)

function used for fitting: f(x)
fitted parameters initialized with current variable values



 Iteration 0
 WSSR        : 4.45678e+006      delta(WSSR)/WSSR   : 0
 delta(WSSR) : 0                 limit for stopping : 1e-005
 lambda	  : 387.385

initial set of free parameter values

m               = 1
b               = 1

After 6 iterations the fit converged.
final sum of squares of residuals : 432.196
rel. change during last iteration : -1.08152e-007

degrees of freedom    (FIT_NDF)                        : 19
rms of residuals      (FIT_STDFIT) = sqrt(WSSR/ndf)    : 4.7694
variance of residuals (reduced chisquare) = WSSR/ndf   : 22.7472

Final set of parameters            Asymptotic Standard Error
=======================            ==========================

m               = 0.0260142        +/- 0.006825     (26.23%)
b               = 77.4463          +/- 3.739        (4.828%)


correlation matrix of the fit parameters:

               m      b      
m               1.000 
b              -0.960  1.000 


*******************************************************************************
Fri Apr 12 13:09:03 2013


FIT:    data read from "fit.dat" using 1:5
        format = x:z
        #datapoints = 15
        residuals are weighted equally (unit weight)

function used for fitting: f(x)
fitted parameters initialized with current variable values



 Iteration 0
 WSSR        : 123.326           delta(WSSR)/WSSR   : 0
 delta(WSSR) : 0                 limit for stopping : 1e-005
 lambda	  : 402.37

initial set of free parameter values

m               = 0.0260142
b               = 77.4463

After 6 iterations the fit converged.
final sum of squares of residuals : 7.94324
rel. change during last iteration : -9.8921e-007

degrees of freedom    (FIT_NDF)                        : 13
rms of residuals      (FIT_STDFIT) = sqrt(WSSR/ndf)    : 0.781677
variance of residuals (reduced chisquare) = WSSR/ndf   : 0.611018

Final set of parameters            Asymptotic Standard Error
=======================            ==========================

m               = 0.00778386       +/- 0.001607     (20.64%)
b               = 85.9993          +/- 0.9144       (1.063%)


correlation matrix of the fit parameters:

               m      b      
m               1.000 
b              -0.975  1.000 


*******************************************************************************
Fri Apr 12 13:09:21 2013


FIT:    data read from "fit.dat" using 1:5
        format = x:z
        #datapoints = 15
        residuals are weighted equally (unit weight)

function used for fitting: f(x)
fitted parameters initialized with current variable values



 Iteration 0
 WSSR        : 7.94324           delta(WSSR)/WSSR   : 0
 delta(WSSR) : 0                 limit for stopping : 1e-005
 lambda	  : 402.37

initial set of free parameter values

m               = 0.00778386
b               = 85.9993

After 1 iterations the fit converged.
final sum of squares of residuals : 7.94324
rel. change during last iteration : -8.38618e-015

degrees of freedom    (FIT_NDF)                        : 13
rms of residuals      (FIT_STDFIT) = sqrt(WSSR/ndf)    : 0.781677
variance of residuals (reduced chisquare) = WSSR/ndf   : 0.611018

Final set of parameters            Asymptotic Standard Error
=======================            ==========================

m               = 0.00778386       +/- 0.001607     (20.64%)
b               = 85.9993          +/- 0.9144       (1.063%)


correlation matrix of the fit parameters:

               m      b      
m               1.000 
b              -0.975  1.000 


*******************************************************************************
Fri Apr 12 13:09:32 2013


FIT:    data read from "fit.dat" using 1:5
        format = x:z
        #datapoints = 15
        residuals are weighted equally (unit weight)

function used for fitting: f(x)
fitted parameters initialized with current variable values



 Iteration 0
 WSSR        : 7.94324           delta(WSSR)/WSSR   : 0
 delta(WSSR) : 0                 limit for stopping : 1e-005
 lambda	  : 402.37

initial set of free parameter values

m               = 0.00778386
b               = 85.9993

After 1 iterations the fit converged.
final sum of squares of residuals : 7.94324
rel. change during last iteration : -3.35447e-015

degrees of freedom    (FIT_NDF)                        : 13
rms of residuals      (FIT_STDFIT) = sqrt(WSSR/ndf)    : 0.781677
variance of residuals (reduced chisquare) = WSSR/ndf   : 0.611018

Final set of parameters            Asymptotic Standard Error
=======================            ==========================

m               = 0.00778386       +/- 0.001607     (20.64%)
b               = 85.9993          +/- 0.9144       (1.063%)


correlation matrix of the fit parameters:

               m      b      
m               1.000 
b              -0.975  1.000 


*******************************************************************************
Fri Apr 12 13:09:53 2013


FIT:    data read from "fit.dat" using 1:5
        format = x:z
        #datapoints = 15
        residuals are weighted equally (unit weight)

function used for fitting: f(x)
fitted parameters initialized with current variable values



 Iteration 0
 WSSR        : 7.94324           delta(WSSR)/WSSR   : 0
 delta(WSSR) : 0                 limit for stopping : 1e-005
 lambda	  : 402.37

initial set of free parameter values

m               = 0.00778386
b               = 85.9993

After 1 iterations the fit converged.
final sum of squares of residuals : 7.94324
rel. change during last iteration : 0

degrees of freedom    (FIT_NDF)                        : 13
rms of residuals      (FIT_STDFIT) = sqrt(WSSR/ndf)    : 0.781677
variance of residuals (reduced chisquare) = WSSR/ndf   : 0.611018

Final set of parameters            Asymptotic Standard Error
=======================            ==========================

m               = 0.00778386       +/- 0.001607     (20.64%)
b               = 85.9993          +/- 0.9144       (1.063%)


correlation matrix of the fit parameters:

               m      b      
m               1.000 
b              -0.975  1.000 


*******************************************************************************
Fri Apr 12 13:12:24 2013


FIT:    data read from "fit.dat" using 1:5
        format = x:z
        #datapoints = 15
        residuals are weighted equally (unit weight)

function used for fitting: f(x)
fitted parameters initialized with current variable values



 Iteration 0
 WSSR        : 7.94324           delta(WSSR)/WSSR   : 0
 delta(WSSR) : 0                 limit for stopping : 1e-005
 lambda	  : 402.37

initial set of free parameter values

m               = 0.00778386
b               = 85.9993

After 1 iterations the fit converged.
final sum of squares of residuals : 7.94324
rel. change during last iteration : 0

degrees of freedom    (FIT_NDF)                        : 13
rms of residuals      (FIT_STDFIT) = sqrt(WSSR/ndf)    : 0.781677
variance of residuals (reduced chisquare) = WSSR/ndf   : 0.611018

Final set of parameters            Asymptotic Standard Error
=======================            ==========================

m               = 0.00778386       +/- 0.001607     (20.64%)
b               = 85.9993          +/- 0.9144       (1.063%)


correlation matrix of the fit parameters:

               m      b      
m               1.000 
b              -0.975  1.000 


*******************************************************************************
Fri Apr 12 13:36:59 2013


FIT:    data read from "fit.dat" using 1:5
        format = x:z
        #datapoints = 15
        residuals are weighted equally (unit weight)

function used for fitting: f(x)
fitted parameters initialized with current variable values



 Iteration 0
 WSSR        : 7.94324           delta(WSSR)/WSSR   : 0
 delta(WSSR) : 0                 limit for stopping : 1e-005
 lambda	  : 402.37

initial set of free parameter values

m               = 0.00778386
b               = 85.9993

After 1 iterations the fit converged.
final sum of squares of residuals : 7.94324
rel. change during last iteration : 0

degrees of freedom    (FIT_NDF)                        : 13
rms of residuals      (FIT_STDFIT) = sqrt(WSSR/ndf)    : 0.781677
variance of residuals (reduced chisquare) = WSSR/ndf   : 0.611018

Final set of parameters            Asymptotic Standard Error
=======================            ==========================

m               = 0.00778386       +/- 0.001607     (20.64%)
b               = 85.9993          +/- 0.9144       (1.063%)


correlation matrix of the fit parameters:

               m      b      
m               1.000 
b              -0.975  1.000 
